  collisions.cpp
  main.cpp
C:\Users\Вячеслав\source\repos\Objects_2D\Objects_2D\main.cpp(81,12): warning C4244: аргумент: преобразование "time_t" в "unsigned int", возможна потеря данных
C:\Users\Вячеслав\source\repos\Objects_2D\Objects_2D\main.cpp(140,29): warning C4305: аргумент: усечение из "double" в "const float"
C:\Users\Вячеслав\source\repos\Objects_2D\Objects_2D\main.cpp(146,58): warning C4244: =: преобразование "sf::Int32" в "float", возможна потеря данных
C:\Users\Вячеслав\source\repos\Objects_2D\Objects_2D\main.cpp(159,16): warning C4244: инициализация: преобразование "sf::Int32" в "float", возможна потеря данных
C:\Users\Вячеслав\source\repos\Objects_2D\Objects_2D\main.cpp(287,59): warning C4244: =: преобразование "sf::Int32" в "float", возможна потеря данных
  object.cpp
C:\Users\Вячеслав\source\repos\Objects_2D\Objects_2D\object.cpp(25,29): warning C4244: аргумент: преобразование "int" в "T", возможна потеря данных
          with
          [
              T=float
          ]
C:\Users\Вячеслав\source\repos\Objects_2D\Objects_2D\object.cpp(33,43): warning C4244: инициализация: преобразование "time_t" в "float", возможна потеря данных
C:\Users\Вячеслав\source\repos\Objects_2D\Objects_2D\object.cpp(35,1): warning C4305: инициализация: усечение из "double" в "float"
C:\Users\Вячеслав\source\repos\Objects_2D\Objects_2D\object.cpp(37,70): warning C4244: аргумент: преобразование "T" в "float", возможна потеря данных
          with
          [
              T=unsigned int
          ]
C:\Users\Вячеслав\source\repos\Objects_2D\Objects_2D\object.cpp(37,43): warning C4244: аргумент: преобразование "T" в "float", возможна потеря данных
          with
          [
              T=unsigned int
          ]
C:\Users\Вячеслав\source\repos\Objects_2D\Objects_2D\object.cpp(44,43): warning C4244: инициализация: преобразование "time_t" в "float", возможна потеря данных
C:\Users\Вячеслав\source\repos\Objects_2D\Objects_2D\object.cpp(46,1): warning C4305: инициализация: усечение из "double" в "float"
C:\Users\Вячеслав\source\repos\Objects_2D\Objects_2D\object.cpp(48,70): warning C4244: аргумент: преобразование "T" в "float", возможна потеря данных
          with
          [
              T=unsigned int
          ]
C:\Users\Вячеслав\source\repos\Objects_2D\Objects_2D\object.cpp(48,43): warning C4244: аргумент: преобразование "T" в "float", возможна потеря данных
          with
          [
              T=unsigned int
          ]
C:\Users\Вячеслав\source\repos\Objects_2D\Objects_2D\object.cpp(55,43): warning C4244: инициализация: преобразование "time_t" в "float", возможна потеря данных
C:\Users\Вячеслав\source\repos\Objects_2D\Objects_2D\object.cpp(59,70): warning C4244: аргумент: преобразование "T" в "float", возможна потеря данных
          with
          [
              T=unsigned int
          ]
C:\Users\Вячеслав\source\repos\Objects_2D\Objects_2D\object.cpp(59,43): warning C4244: аргумент: преобразование "T" в "float", возможна потеря данных
          with
          [
              T=unsigned int
          ]
  Создание кода...
  Objects_2D.vcxproj -> C:\Users\Вячеслав\source\repos\Objects_2D\x64\Debug\Objects_2D.exe
