  main.cpp
C:\Users\Вячеслав\source\repos\Objects_2D\Objects_2D\main.cpp(79,12): warning C4244: аргумент: преобразование "time_t" в "unsigned int", возможна потеря данных
C:\Users\Вячеслав\source\repos\Objects_2D\Objects_2D\main.cpp(143,58): warning C4244: =: преобразование "sf::Int32" в "float", возможна потеря данных
C:\Users\Вячеслав\source\repos\Objects_2D\Objects_2D\main.cpp(156,16): warning C4244: инициализация: преобразование "sf::Int32" в "float", возможна потеря данных
C:\Users\Вячеслав\source\repos\Objects_2D\Objects_2D\main.cpp(270,59): warning C4244: =: преобразование "sf::Int32" в "float", возможна потеря данных
  object.cpp
C:\Users\Вячеслав\source\repos\Objects_2D\Objects_2D\object.cpp(25,29): warning C4244: аргумент: преобразование "int" в "T", возможна потеря данных
          with
          [
              T=float
          ]
C:\Users\Вячеслав\source\repos\Objects_2D\Objects_2D\object.cpp(132,43): warning C4244: инициализация: преобразование "time_t" в "float", возможна потеря данных
C:\Users\Вячеслав\source\repos\Objects_2D\Objects_2D\object.cpp(136,70): warning C4244: аргумент: преобразование "T" в "float", возможна потеря данных
          with
          [
              T=unsigned int
          ]
C:\Users\Вячеслав\source\repos\Objects_2D\Objects_2D\object.cpp(136,43): warning C4244: аргумент: преобразование "T" в "float", возможна потеря данных
          with
          [
              T=unsigned int
          ]
  Создание кода
  Previous IPDB and IOBJ mismatch, fall back to full compilation.
  All 254 functions were compiled because no usable IPDB/IOBJ from previous compilation was found.
  Создание кода завершено
  Objects_2D.vcxproj -> C:\Users\Вячеслав\source\repos\Objects_2D\x64\Release\Objects_2D.exe
